c:\users\pc\desktop\c++\projetsvisualstudio\graphicsengine\x64\release\vc143.pdb
c:\users\pc\desktop\c++\projetsvisualstudio\graphicsengine\x64\release\main.obj
c:\users\pc\desktop\c++\projetsvisualstudio\graphicsengine\x64\release\mesh.obj
c:\users\pc\desktop\c++\projetsvisualstudio\graphicsengine\x64\release\camera.obj
c:\users\pc\desktop\c++\projetsvisualstudio\graphicsengine\x64\release\object.obj
c:\users\pc\desktop\c++\projetsvisualstudio\graphicsengine\x64\release\texture.obj
c:\users\pc\desktop\c++\projetsvisualstudio\graphicsengine\x64\release\imgui-sfml.obj
c:\users\pc\desktop\c++\projetsvisualstudio\graphicsengine\x64\release\imgui_widgets.obj
c:\users\pc\desktop\c++\projetsvisualstudio\graphicsengine\x64\release\imgui_draw.obj
c:\users\pc\desktop\c++\projetsvisualstudio\graphicsengine\x64\release\imgui_demo.obj
c:\users\pc\desktop\c++\projetsvisualstudio\graphicsengine\x64\release\imgui.obj
c:\users\pc\desktop\c++\projetsvisualstudio\graphicsengine\x64\release\material.obj
c:\users\pc\desktop\c++\projetsvisualstudio\graphicsengine\x64\release\graphicsengine.ipdb
c:\users\pc\desktop\c++\projetsvisualstudio\graphicsengine\x64\release\graphicsengine.iobj
c:\users\pc\desktop\c++\projetsvisualstudio\graphicsengine\x64\release\graphicsengine.exe
c:\users\pc\desktop\c++\projetsvisualstudio\graphicsengine\x64\release\graphicsengine.pdb
c:\users\pc\desktop\c++\projetsvisualstudio\graphicsengine\x64\release\graphicsengine.tlog\cl.command.1.tlog
c:\users\pc\desktop\c++\projetsvisualstudio\graphicsengine\x64\release\graphicsengine.tlog\cl.items.tlog
c:\users\pc\desktop\c++\projetsvisualstudio\graphicsengine\x64\release\graphicsengine.tlog\cl.read.1.tlog
c:\users\pc\desktop\c++\projetsvisualstudio\graphicsengine\x64\release\graphicsengine.tlog\cl.write.1.tlog
c:\users\pc\desktop\c++\projetsvisualstudio\graphicsengine\x64\release\graphicsengine.tlog\link.command.1.tlog
c:\users\pc\desktop\c++\projetsvisualstudio\graphicsengine\x64\release\graphicsengine.tlog\link.read.1.tlog
c:\users\pc\desktop\c++\projetsvisualstudio\graphicsengine\x64\release\graphicsengine.tlog\link.write.1.tlog
c:\users\pc\desktop\c++\projetsvisualstudio\graphicsengine\x64\release\graphicsengine.tlog\link.write.2u.tlog
